-------------------------------------------------------------------------------
Test set: com.example.messagingrabbitmq.MessagingRabbitmqApplicationTest
-------------------------------------------------------------------------------
Tests run: 1, Failures: 0, Errors: 1, Skipped: 0, Time elapsed: 29.154 s <<< FAILURE! - in com.example.messagingrabbitmq.MessagingRabbitmqApplicationTest
test  Time elapsed: 0.009 s  <<< ERROR!
java.lang.IllegalStateException: Failed to load ApplicationContext
Caused by: org.springframework.context.ApplicationContextException: Failed to start bean 'container'; nested exception is org.springframework.amqp.AmqpIllegalStateException: Fatal exception on listener startup
Caused by: org.springframework.amqp.AmqpIllegalStateException: Fatal exception on listener startup
Caused by: org.springframework.amqp.rabbit.listener.QueuesNotAvailableException: Cannot prepare queue for listener. Either the queue doesn't exist or the broker will not allow us to use it.
Caused by: org.springframework.amqp.rabbit.listener.BlockingQueueConsumer$DeclarationException: Failed to declare queue(s):[spring-boot1682273392349]
Caused by: java.io.IOException
Caused by: com.rabbitmq.client.ShutdownSignalException: channel error; protocol method: #method<channel.close>(reply-code=404, reply-text=NOT_FOUND - no queue 'spring-boot1682273392349' in vhost '/', class-id=50, method-id=10)
Caused by: com.rabbitmq.client.ShutdownSignalException: channel error; protocol method: #method<channel.close>(reply-code=404, reply-text=NOT_FOUND - no queue 'spring-boot1682273392349' in vhost '/', class-id=50, method-id=10)

