<?xml version="1.0" encoding="UTF-8"?>
<testsuite xmlns:xsi="http://www.w3.org/2001/XMLSchema-instance" xsi:noNamespaceSchemaLocation="https://maven.apache.org/surefire/maven-surefire-plugin/xsd/surefire-test-report.xsd" name="com.example.messagingrabbitmq.MessagingRabbitmqApplicationTest" time="29.154" tests="1" errors="1" skipped="0" failures="0">
  <properties>
[...]
</properties>
  <testcase name="test" classname="com.example.messagingrabbitmq.MessagingRabbitmqApplicationTest" time="0.009">
    <error message="Failed to load ApplicationContext" type="java.lang.IllegalStateException"><![CDATA[java.lang.IllegalStateException: Failed to load ApplicationContext
Caused by: org.springframework.context.ApplicationContextException: Failed to start bean 'container'; nested exception is org.springframework.amqp.AmqpIllegalStateException: Fatal exception on listener startup
Caused by: org.springframework.amqp.AmqpIllegalStateException: Fatal exception on listener startup
Caused by: org.springframework.amqp.rabbit.listener.QueuesNotAvailableException: Cannot prepare queue for listener. Either the queue doesn't exist or the broker will not allow us to use it.
Caused by: org.springframework.amqp.rabbit.listener.BlockingQueueConsumer$DeclarationException: Failed to declare queue(s):[spring-boot1682273392349]
Caused by: java.io.IOException
Caused by: com.rabbitmq.client.ShutdownSignalException: channel error; protocol method: #method<channel.close>(reply-code=404, reply-text=NOT_FOUND - no queue 'spring-boot1682273392349' in vhost '/', class-id=50, method-id=10)
Caused by: com.rabbitmq.client.ShutdownSignalException: channel error; protocol method: #method<channel.close>(reply-code=404, reply-text=NOT_FOUND - no queue 'spring-boot1682273392349' in vhost '/', class-id=50, method-id=10)
]]></error>
    <system-out><![CDATA[23:09:51.434 [main] DEBUG org.springframework.test.context.BootstrapUtils - Instantiating CacheAwareContextLoaderDelegate from class [org.springframework.test.context.cache.DefaultCacheAwareContextLoaderDelegate]
23:09:51.448 [main] DEBUG org.springframework.test.context.BootstrapUtils - Instantiating BootstrapContext using constructor [public org.springframework.test.context.support.DefaultBootstrapContext(java.lang.Class,org.springframework.test.context.CacheAwareContextLoaderDelegate)]
23:09:51.478 [main] DEBUG org.springframework.test.context.BootstrapUtils - Instantiating TestContextBootstrapper for test class [com.example.messagingrabbitmq.MessagingRabbitmqApplicationTest] from class [org.springframework.boot.test.context.SpringBootTestContextBootstrapper]
23:09:51.492 [main] INFO org.springframework.boot.test.context.SpringBootTestContextBootstrapper - Neither @ContextConfiguration nor @ContextHierarchy found for test class [com.example.messagingrabbitmq.MessagingRabbitmqApplicationTest], using SpringBootContextLoader
23:09:51.495 [main] DEBUG org.springframework.test.context.support.AbstractContextLoader - Did not detect default resource location for test class [com.example.messagingrabbitmq.MessagingRabbitmqApplicationTest]: class path resource [com/example/messagingrabbitmq/MessagingRabbitmqApplicationTest-context.xml] does not exist
23:09:51.495 [main] DEBUG org.springframework.test.context.support.AbstractContextLoader - Did not detect default resource location for test class [com.example.messagingrabbitmq.MessagingRabbitmqApplicationTest]: class path resource [com/example/messagingrabbitmq/MessagingRabbitmqApplicationTestContext.groovy] does not exist
23:09:51.495 [main] INFO org.springframework.test.context.support.AbstractContextLoader - Could not detect default resource locations for test class [com.example.messagingrabbitmq.MessagingRabbitmqApplicationTest]: no resource found for suffixes {-context.xml, Context.groovy}.
23:09:51.496 [main] INFO org.springframework.test.context.support.AnnotationConfigContextLoaderUtils - Could not detect default configuration classes for test class [com.example.messagingrabbitmq.MessagingRabbitmqApplicationTest]: MessagingRabbitmqApplicationTest does not declare any static, non-private, non-final, nested classes annotated with @Configuration.
23:09:51.539 [main] DEBUG org.springframework.test.context.support.ActiveProfilesUtils - Could not find an 'annotation declaring class' for annotation type [org.springframework.test.context.ActiveProfiles] and class [com.example.messagingrabbitmq.MessagingRabbitmqApplicationTest]
23:09:51.612 [main] DEBUG org.springframework.context.annotation.ClassPathScanningCandidateComponentProvider - Identified candidate component class: file [C:\Users\Adelith\source\repos\messaging_java_completed\target\classes\com\example\messagingrabbitmq\MessagingRabbitmqApplication.class]
23:09:51.615 [main] INFO org.springframework.boot.test.context.SpringBootTestContextBootstrapper - Found @SpringBootConfiguration com.example.messagingrabbitmq.MessagingRabbitmqApplication for test class com.example.messagingrabbitmq.MessagingRabbitmqApplicationTest
23:09:51.704 [main] DEBUG org.springframework.boot.test.context.SpringBootTestContextBootstrapper - @TestExecutionListeners is not present for class [com.example.messagingrabbitmq.MessagingRabbitmqApplicationTest]: using defaults.
23:09:51.705 [main] INFO org.springframework.boot.test.context.SpringBootTestContextBootstrapper - Loaded default TestExecutionListener class names from location [META-INF/spring.factories]: [org.springframework.boot.test.mock.mockito.MockitoTestExecutionListener, org.springframework.boot.test.mock.mockito.ResetMocksTestExecutionListener, org.springframework.boot.test.autoconfigure.restdocs.RestDocsTestExecutionListener, org.springframework.boot.test.autoconfigure.web.client.MockRestServiceServerResetTestExecutionListener, org.springframework.boot.test.autoconfigure.web.servlet.MockMvcPrintOnlyOnFailureTestExecutionListener, org.springframework.boot.test.autoconfigure.web.servlet.WebDriverTestExecutionListener, org.springframework.boot.test.autoconfigure.webservices.client.MockWebServiceServerTestExecutionListener, org.springframework.test.context.web.ServletTestExecutionListener, org.springframework.test.context.support.DirtiesContextBeforeModesTestExecutionListener, org.springframework.test.context.support.DependencyInjectionTestExecutionListener, org.springframework.test.context.support.DirtiesContextTestExecutionListener, org.springframework.test.context.transaction.TransactionalTestExecutionListener, org.springframework.test.context.jdbc.SqlScriptsTestExecutionListener, org.springframework.test.context.event.EventPublishingTestExecutionListener]
23:09:51.714 [main] DEBUG org.springframework.boot.test.context.SpringBootTestContextBootstrapper - Skipping candidate TestExecutionListener [org.springframework.test.context.web.ServletTestExecutionListener] due to a missing dependency. Specify custom listener classes or make the default listener classes and their required dependencies available. Offending class: [javax/servlet/ServletContext]
23:09:51.721 [main] INFO org.springframework.boot.test.context.SpringBootTestContextBootstrapper - Using TestExecutionListeners: [org.springframework.test.context.support.DirtiesContextBeforeModesTestExecutionListener@6853425f, org.springframework.boot.test.mock.mockito.MockitoTestExecutionListener@352c1b98, org.springframework.boot.test.autoconfigure.SpringBootDependencyInjectionTestExecutionListener@21129f1f, org.springframework.test.context.support.DirtiesContextTestExecutionListener@5a9f4771, org.springframework.test.context.transaction.TransactionalTestExecutionListener@282cb7c7, org.springframework.test.context.jdbc.SqlScriptsTestExecutionListener@7d898981, org.springframework.test.context.event.EventPublishingTestExecutionListener@48d61b48, org.springframework.boot.test.mock.mockito.ResetMocksTestExecutionListener@68d279ec, org.springframework.boot.test.autoconfigure.restdocs.RestDocsTestExecutionListener@258d79be, org.springframework.boot.test.autoconfigure.web.client.MockRestServiceServerResetTestExecutionListener@14f9390f, org.springframework.boot.test.autoconfigure.web.servlet.MockMvcPrintOnlyOnFailureTestExecutionListener@6c0d7c83, org.springframework.boot.test.autoconfigure.web.servlet.WebDriverTestExecutionListener@176b75f7, org.springframework.boot.test.autoconfigure.webservices.client.MockWebServiceServerTestExecutionListener@5965be2d]
23:09:51.724 [main] DEBUG org.springframework.test.context.support.AbstractDirtiesContextTestExecutionListener - Before test class: context [DefaultTestContext@68dc098b testClass = MessagingRabbitmqApplicationTest, testInstance = [null], testMethod = [null], testException = [null], mergedContextConfiguration = [MergedContextConfiguration@38ba6ce3 testClass = MessagingRabbitmqApplicationTest, locations = '{}', classes = '{class com.example.messagingrabbitmq.MessagingRabbitmqApplication}', contextInitializerClasses = '[]', activeProfiles = '{}', propertySourceLocations = '{}', propertySourceProperties = '{org.springframework.boot.test.context.SpringBootTestContextBootstrapper=true}', contextCustomizers = set[org.springframework.boot.test.context.filter.ExcludeFilterContextCustomizer@7671cb68, org.springframework.boot.test.json.DuplicateJsonObjectContextCustomizerFactory$DuplicateJsonObjectContextCustomizer@68c72235, org.springframework.boot.test.mock.mockito.MockitoContextCustomizer@d7ce8dde, org.springframework.boot.test.web.client.TestRestTemplateContextCustomizer@1b6e1eff, org.springframework.boot.test.autoconfigure.properties.PropertyMappingContextCustomizer@0, org.springframework.boot.test.autoconfigure.web.servlet.WebDriverContextCustomizerFactory$Customizer@1e683a3e, org.springframework.boot.test.context.SpringBootTestArgs@1], contextLoader = 'org.springframework.boot.test.context.SpringBootContextLoader', parent = [null]], attributes = map[[empty]]], class annotated with @DirtiesContext [false] with mode [null].
23:09:51.754 [main] DEBUG org.springframework.test.context.support.TestPropertySourceUtils - Adding inlined properties to environment: {spring.jmx.enabled=false, org.springframework.boot.test.context.SpringBootTestContextBootstrapper=true}

  .   ____          _            __ _ _
 /\\ / ___'_ __ _ _(_)_ __  __ _ \ \ \ \
( ( )\___ | '_ | '_| | '_ \/ _` | \ \ \ \
 \\/  ___)| |_)| | | | | || (_| |  ) ) ) )
  '  |____| .__|_| |_|_| |_\__, | / / / /
 =========|_|==============|___/=/_/_/_/
 :: Spring Boot ::        (v2.3.2.RELEASE)

2023-04-23 23:09:51.955  INFO 1528 --- [           main] c.e.m.MessagingRabbitmqApplicationTest   : Starting MessagingRabbitmqApplicationTest on LAPTOP-I6DK04GO with PID 1528 (started by Adelith in C:\Users\Adelith\source\repos\messaging_java_completed)
2023-04-23 23:09:51.956  INFO 1528 --- [           main] c.e.m.MessagingRabbitmqApplicationTest   : No active profile set, falling back to default profiles: default
2023-04-23 23:09:53.316  INFO 1528 --- [           main] o.s.a.r.c.CachingConnectionFactory       : Attempting to connect to: [localhost:5672]
2023-04-23 23:09:53.378  INFO 1528 --- [           main] o.s.a.r.c.CachingConnectionFactory       : Created new connection: rabbitConnectionFactory#dd2856e:0/SimpleConnection@19c1820d [delegate=amqp://guest@127.0.0.1:5672/, localPort= 50800]
2023-04-23 23:09:53.384  INFO 1528 --- [           main] o.s.amqp.rabbit.core.RabbitAdmin         : Auto-declaring a non-durable or auto-delete Exchange (spring-boot-exchange) durable:false, auto-delete:true. It will be deleted by the broker if it shuts down, and can be redeclared by closing and reopening the connection.
2023-04-23 23:09:53.384  INFO 1528 --- [           main] o.s.amqp.rabbit.core.RabbitAdmin         : Auto-declaring a non-durable, auto-delete, or exclusive Queue (spring-boot1682273392349) durable:false, auto-delete:true, exclusive:true. It will be redeclared if the broker stops and is restarted while the connection factory is alive, but all messages will be lost.
2023-04-23 23:09:53.410 ERROR 1528 --- [ 127.0.0.1:5672] o.s.a.r.c.CachingConnectionFactory       : Channel shutdown: channel error; protocol method: #method<channel.close>(reply-code=406, reply-text=PRECONDITION_FAILED - inequivalent arg 'type' for exchange 'spring-boot-exchange' in vhost '/': received 'fanout' but current is 'topic', class-id=40, method-id=10)
2023-04-23 23:09:54.421  INFO 1528 --- [           main] o.s.amqp.rabbit.core.RabbitAdmin         : Auto-declaring a non-durable or auto-delete Exchange (spring-boot-exchange) durable:false, auto-delete:true. It will be deleted by the broker if it shuts down, and can be redeclared by closing and reopening the connection.
2023-04-23 23:09:54.421  INFO 1528 --- [           main] o.s.amqp.rabbit.core.RabbitAdmin         : Auto-declaring a non-durable, auto-delete, or exclusive Queue (spring-boot1682273392349) durable:false, auto-delete:true, exclusive:true. It will be redeclared if the broker stops and is restarted while the connection factory is alive, but all messages will be lost.
2023-04-23 23:09:54.423 ERROR 1528 --- [ 127.0.0.1:5672] o.s.a.r.c.CachingConnectionFactory       : Channel shutdown: channel error; protocol method: #method<channel.close>(reply-code=406, reply-text=PRECONDITION_FAILED - inequivalent arg 'type' for exchange 'spring-boot-exchange' in vhost '/': received 'fanout' but current is 'topic', class-id=40, method-id=10)
2023-04-23 23:09:56.432  INFO 1528 --- [           main] o.s.amqp.rabbit.core.RabbitAdmin         : Auto-declaring a non-durable or auto-delete Exchange (spring-boot-exchange) durable:false, auto-delete:true. It will be deleted by the broker if it shuts down, and can be redeclared by closing and reopening the connection.
2023-04-23 23:09:56.432  INFO 1528 --- [           main] o.s.amqp.rabbit.core.RabbitAdmin         : Auto-declaring a non-durable, auto-delete, or exclusive Queue (spring-boot1682273392349) durable:false, auto-delete:true, exclusive:true. It will be redeclared if the broker stops and is restarted while the connection factory is alive, but all messages will be lost.
2023-04-23 23:09:56.433 ERROR 1528 --- [ 127.0.0.1:5672] o.s.a.r.c.CachingConnectionFactory       : Channel shutdown: channel error; protocol method: #method<channel.close>(reply-code=406, reply-text=PRECONDITION_FAILED - inequivalent arg 'type' for exchange 'spring-boot-exchange' in vhost '/': received 'fanout' but current is 'topic', class-id=40, method-id=10)
2023-04-23 23:10:00.439  INFO 1528 --- [           main] o.s.amqp.rabbit.core.RabbitAdmin         : Auto-declaring a non-durable or auto-delete Exchange (spring-boot-exchange) durable:false, auto-delete:true. It will be deleted by the broker if it shuts down, and can be redeclared by closing and reopening the connection.
2023-04-23 23:10:00.439  INFO 1528 --- [           main] o.s.amqp.rabbit.core.RabbitAdmin         : Auto-declaring a non-durable, auto-delete, or exclusive Queue (spring-boot1682273392349) durable:false, auto-delete:true, exclusive:true. It will be redeclared if the broker stops and is restarted while the connection factory is alive, but all messages will be lost.
2023-04-23 23:10:00.441 ERROR 1528 --- [ 127.0.0.1:5672] o.s.a.r.c.CachingConnectionFactory       : Channel shutdown: channel error; protocol method: #method<channel.close>(reply-code=406, reply-text=PRECONDITION_FAILED - inequivalent arg 'type' for exchange 'spring-boot-exchange' in vhost '/': received 'fanout' but current is 'topic', class-id=40, method-id=10)
2023-04-23 23:10:05.445  INFO 1528 --- [           main] o.s.amqp.rabbit.core.RabbitAdmin         : Auto-declaring a non-durable or auto-delete Exchange (spring-boot-exchange) durable:false, auto-delete:true. It will be deleted by the broker if it shuts down, and can be redeclared by closing and reopening the connection.
2023-04-23 23:10:05.445  INFO 1528 --- [           main] o.s.amqp.rabbit.core.RabbitAdmin         : Auto-declaring a non-durable, auto-delete, or exclusive Queue (spring-boot1682273392349) durable:false, auto-delete:true, exclusive:true. It will be redeclared if the broker stops and is restarted while the connection factory is alive, but all messages will be lost.
2023-04-23 23:10:05.446 ERROR 1528 --- [ 127.0.0.1:5672] o.s.a.r.c.CachingConnectionFactory       : Channel shutdown: channel error; protocol method: #method<channel.close>(reply-code=406, reply-text=PRECONDITION_FAILED - inequivalent arg 'type' for exchange 'spring-boot-exchange' in vhost '/': received 'fanout' but current is 'topic', class-id=40, method-id=10)
2023-04-23 23:10:05.448  INFO 1528 --- [           main] o.s.a.r.l.SimpleMessageListenerContainer : Broker not available; cannot force queue declarations during start: java.io.IOException
2023-04-23 23:10:05.455  INFO 1528 --- [    container-1] o.s.amqp.rabbit.core.RabbitAdmin         : Auto-declaring a non-durable or auto-delete Exchange (spring-boot-exchange) durable:false, auto-delete:true. It will be deleted by the broker if it shuts down, and can be redeclared by closing and reopening the connection.
2023-04-23 23:10:05.455  INFO 1528 --- [    container-1] o.s.amqp.rabbit.core.RabbitAdmin         : Auto-declaring a non-durable, auto-delete, or exclusive Queue (spring-boot1682273392349) durable:false, auto-delete:true, exclusive:true. It will be redeclared if the broker stops and is restarted while the connection factory is alive, but all messages will be lost.
2023-04-23 23:10:05.457 ERROR 1528 --- [ 127.0.0.1:5672] o.s.a.r.c.CachingConnectionFactory       : Channel shutdown: channel error; protocol method: #method<channel.close>(reply-code=406, reply-text=PRECONDITION_FAILED - inequivalent arg 'type' for exchange 'spring-boot-exchange' in vhost '/': received 'fanout' but current is 'topic', class-id=40, method-id=10)
2023-04-23 23:10:05.460 ERROR 1528 --- [    container-1] o.s.a.r.l.SimpleMessageListenerContainer : Failed to check/redeclare auto-delete queue(s).

org.springframework.amqp.AmqpIOException: java.io.IOException
	at org.springframework.amqp.rabbit.support.RabbitExceptionTranslator.convertRabbitAccessException(RabbitExceptionTranslator.java:70) ~[spring-rabbit-2.2.9.RELEASE.jar:2.2.9.RELEASE]
	at org.springframework.amqp.rabbit.connection.RabbitAccessor.convertRabbitAccessException(RabbitAccessor.java:113) ~[spring-rabbit-2.2.9.RELEASE.jar:2.2.9.RELEASE]
	at org.springframework.amqp.rabbit.core.RabbitTemplate.doExecute(RabbitTemplate.java:2116) ~[spring-rabbit-2.2.9.RELEASE.jar:2.2.9.RELEASE]
	at org.springframework.amqp.rabbit.core.RabbitTemplate.execute(RabbitTemplate.java:2062) ~[spring-rabbit-2.2.9.RELEASE.jar:2.2.9.RELEASE]
	at org.springframework.amqp.rabbit.core.RabbitTemplate.execute(RabbitTemplate.java:2042) ~[spring-rabbit-2.2.9.RELEASE.jar:2.2.9.RELEASE]
	at org.springframework.amqp.rabbit.core.RabbitAdmin.initialize(RabbitAdmin.java:604) ~[spring-rabbit-2.2.9.RELEASE.jar:2.2.9.RELEASE]
	at org.springframework.amqp.rabbit.listener.AbstractMessageListenerContainer.attemptDeclarations(AbstractMessageListenerContainer.java:1846) ~[spring-rabbit-2.2.9.RELEASE.jar:2.2.9.RELEASE]
	at org.springframework.amqp.rabbit.listener.AbstractMessageListenerContainer.redeclareElementsIfNecessary(AbstractMessageListenerContainer.java:1823) ~[spring-rabbit-2.2.9.RELEASE.jar:2.2.9.RELEASE]
	at org.springframework.amqp.rabbit.listener.SimpleMessageListenerContainer$AsyncMessageProcessingConsumer.initialize(SimpleMessageListenerContainer.java:1349) ~[spring-rabbit-2.2.9.RELEASE.jar:2.2.9.RELEASE]
	at org.springframework.amqp.rabbit.listener.SimpleMessageListenerContainer$AsyncMessageProcessingConsumer.run(SimpleMessageListenerContainer.java:1195) ~[spring-rabbit-2.2.9.RELEASE.jar:2.2.9.RELEASE]
	at java.base/java.lang.Thread.run(Thread.java:833) ~[na:na]
Caused by: java.io.IOException: null
	at com.rabbitmq.client.impl.AMQChannel.wrap(AMQChannel.java:129) ~[amqp-client-5.9.0.jar:5.9.0]
	at com.rabbitmq.client.impl.AMQChannel.wrap(AMQChannel.java:125) ~[amqp-client-5.9.0.jar:5.9.0]
	at com.rabbitmq.client.impl.AMQChannel.exnWrappingRpc(AMQChannel.java:147) ~[amqp-client-5.9.0.jar:5.9.0]
	at com.rabbitmq.client.impl.ChannelN.exchangeDeclare(ChannelN.java:783) ~[amqp-client-5.9.0.jar:5.9.0]
	at com.rabbitmq.client.impl.ChannelN.exchangeDeclare(ChannelN.java:46) ~[amqp-client-5.9.0.jar:5.9.0]
	at java.base/jdk.internal.reflect.NativeMethodAccessorImpl.invoke0(Native Method) ~[na:na]
	at java.base/jdk.internal.reflect.NativeMethodAccessorImpl.invoke(NativeMethodAccessorImpl.java:77) ~[na:na]
	at java.base/jdk.internal.reflect.DelegatingMethodAccessorImpl.invoke(DelegatingMethodAccessorImpl.java:43) ~[na:na]
	at java.base/java.lang.reflect.Method.invoke(Method.java:568) ~[na:na]
	at org.springframework.amqp.rabbit.connection.CachingConnectionFactory$CachedChannelInvocationHandler.invoke(CachingConnectionFactory.java:1184) ~[spring-rabbit-2.2.9.RELEASE.jar:2.2.9.RELEASE]
	at jdk.proxy2/jdk.proxy2.$Proxy70.exchangeDeclare(Unknown Source) ~[na:na]
	at org.springframework.amqp.rabbit.core.RabbitAdmin.declareExchanges(RabbitAdmin.java:688) ~[spring-rabbit-2.2.9.RELEASE.jar:2.2.9.RELEASE]
	at org.springframework.amqp.rabbit.core.RabbitAdmin.lambda$initialize$12(RabbitAdmin.java:605) ~[spring-rabbit-2.2.9.RELEASE.jar:2.2.9.RELEASE]
	at org.springframework.amqp.rabbit.core.RabbitTemplate.invokeAction(RabbitTemplate.java:2151) ~[spring-rabbit-2.2.9.RELEASE.jar:2.2.9.RELEASE]
	at org.springframework.amqp.rabbit.core.RabbitTemplate.doExecute(RabbitTemplate.java:2110) ~[spring-rabbit-2.2.9.RELEASE.jar:2.2.9.RELEASE]
	... 8 common frames omitted
Caused by: com.rabbitmq.client.ShutdownSignalException: channel error; protocol method: #method<channel.close>(reply-code=406, reply-text=PRECONDITION_FAILED - inequivalent arg 'type' for exchange 'spring-boot-exchange' in vhost '/': received 'fanout' but current is 'topic', class-id=40, method-id=10)
	at com.rabbitmq.utility.ValueOrException.getValue(ValueOrException.java:66) ~[amqp-client-5.9.0.jar:5.9.0]
	at com.rabbitmq.utility.BlockingValueOrException.uninterruptibleGetValue(BlockingValueOrException.java:36) ~[amqp-client-5.9.0.jar:5.9.0]
	at com.rabbitmq.client.impl.AMQChannel$BlockingRpcContinuation.getReply(AMQChannel.java:502) ~[amqp-client-5.9.0.jar:5.9.0]
	at com.rabbitmq.client.impl.AMQChannel.privateRpc(AMQChannel.java:293) ~[amqp-client-5.9.0.jar:5.9.0]
	at com.rabbitmq.client.impl.AMQChannel.exnWrappingRpc(AMQChannel.java:141) ~[amqp-client-5.9.0.jar:5.9.0]
	... 20 common frames omitted
Caused by: com.rabbitmq.client.ShutdownSignalException: channel error; protocol method: #method<channel.close>(reply-code=406, reply-text=PRECONDITION_FAILED - inequivalent arg 'type' for exchange 'spring-boot-exchange' in vhost '/': received 'fanout' but current is 'topic', class-id=40, method-id=10)
	at com.rabbitmq.client.impl.ChannelN.asyncShutdown(ChannelN.java:517) ~[amqp-client-5.9.0.jar:5.9.0]
	at com.rabbitmq.client.impl.ChannelN.processAsync(ChannelN.java:341) ~[amqp-client-5.9.0.jar:5.9.0]
	at com.rabbitmq.client.impl.AMQChannel.handleCompleteInboundCommand(AMQChannel.java:182) ~[amqp-client-5.9.0.jar:5.9.0]
	at com.rabbitmq.client.impl.AMQChannel.handleFrame(AMQChannel.java:114) ~[amqp-client-5.9.0.jar:5.9.0]
	at com.rabbitmq.client.impl.AMQConnection.readFrame(AMQConnection.java:739) ~[amqp-client-5.9.0.jar:5.9.0]
	at com.rabbitmq.client.impl.AMQConnection.access$300(AMQConnection.java:47) ~[amqp-client-5.9.0.jar:5.9.0]
	at com.rabbitmq.client.impl.AMQConnection$MainLoop.run(AMQConnection.java:666) ~[amqp-client-5.9.0.jar:5.9.0]
	... 1 common frames omitted

2023-04-23 23:10:05.469  WARN 1528 --- [    container-1] o.s.a.r.listener.BlockingQueueConsumer   : Failed to declare queue: spring-boot1682273392349
2023-04-23 23:10:05.470  WARN 1528 --- [    container-1] o.s.a.r.listener.BlockingQueueConsumer   : Queue declaration failed; retries left=3

org.springframework.amqp.rabbit.listener.BlockingQueueConsumer$DeclarationException: Failed to declare queue(s):[spring-boot1682273392349]
	at org.springframework.amqp.rabbit.listener.BlockingQueueConsumer.attemptPassiveDeclarations(BlockingQueueConsumer.java:700) ~[spring-rabbit-2.2.9.RELEASE.jar:2.2.9.RELEASE]
	at org.springframework.amqp.rabbit.listener.BlockingQueueConsumer.passiveDeclarations(BlockingQueueConsumer.java:584) ~[spring-rabbit-2.2.9.RELEASE.jar:2.2.9.RELEASE]
	at org.springframework.amqp.rabbit.listener.BlockingQueueConsumer.start(BlockingQueueConsumer.java:571) ~[spring-rabbit-2.2.9.RELEASE.jar:2.2.9.RELEASE]
	at org.springframework.amqp.rabbit.listener.SimpleMessageListenerContainer$AsyncMessageProcessingConsumer.initialize(SimpleMessageListenerContainer.java:1350) ~[spring-rabbit-2.2.9.RELEASE.jar:2.2.9.RELEASE]
	at org.springframework.amqp.rabbit.listener.SimpleMessageListenerContainer$AsyncMessageProcessingConsumer.run(SimpleMessageListenerContainer.java:1195) ~[spring-rabbit-2.2.9.RELEASE.jar:2.2.9.RELEASE]
	at java.base/java.lang.Thread.run(Thread.java:833) ~[na:na]
Caused by: java.io.IOException: null
	at com.rabbitmq.client.impl.AMQChannel.wrap(AMQChannel.java:129) ~[amqp-client-5.9.0.jar:5.9.0]
	at com.rabbitmq.client.impl.AMQChannel.wrap(AMQChannel.java:125) ~[amqp-client-5.9.0.jar:5.9.0]
	at com.rabbitmq.client.impl.AMQChannel.exnWrappingRpc(AMQChannel.java:147) ~[amqp-client-5.9.0.jar:5.9.0]
	at com.rabbitmq.client.impl.ChannelN.queueDeclarePassive(ChannelN.java:1012) ~[amqp-client-5.9.0.jar:5.9.0]
	at com.rabbitmq.client.impl.ChannelN.queueDeclarePassive(ChannelN.java:46) ~[amqp-client-5.9.0.jar:5.9.0]
	at java.base/jdk.internal.reflect.NativeMethodAccessorImpl.invoke0(Native Method) ~[na:na]
	at java.base/jdk.internal.reflect.NativeMethodAccessorImpl.invoke(NativeMethodAccessorImpl.java:77) ~[na:na]
	at java.base/jdk.internal.reflect.DelegatingMethodAccessorImpl.invoke(DelegatingMethodAccessorImpl.java:43) ~[na:na]
	at java.base/java.lang.reflect.Method.invoke(Method.java:568) ~[na:na]
	at org.springframework.amqp.rabbit.connection.CachingConnectionFactory$CachedChannelInvocationHandler.invoke(CachingConnectionFactory.java:1184) ~[spring-rabbit-2.2.9.RELEASE.jar:2.2.9.RELEASE]
	at jdk.proxy2/jdk.proxy2.$Proxy70.queueDeclarePassive(Unknown Source) ~[na:na]
	at org.springframework.amqp.rabbit.listener.BlockingQueueConsumer.attemptPassiveDeclarations(BlockingQueueConsumer.java:679) ~[spring-rabbit-2.2.9.RELEASE.jar:2.2.9.RELEASE]
	... 5 common frames omitted
Caused by: com.rabbitmq.client.ShutdownSignalException: channel error; protocol method: #method<channel.close>(reply-code=404, reply-text=NOT_FOUND - no queue 'spring-boot1682273392349' in vhost '/', class-id=50, method-id=10)
	at com.rabbitmq.utility.ValueOrException.getValue(ValueOrException.java:66) ~[amqp-client-5.9.0.jar:5.9.0]
	at com.rabbitmq.utility.BlockingValueOrException.uninterruptibleGetValue(BlockingValueOrException.java:36) ~[amqp-client-5.9.0.jar:5.9.0]
	at com.rabbitmq.client.impl.AMQChannel$BlockingRpcContinuation.getReply(AMQChannel.java:502) ~[amqp-client-5.9.0.jar:5.9.0]
	at com.rabbitmq.client.impl.AMQChannel.privateRpc(AMQChannel.java:293) ~[amqp-client-5.9.0.jar:5.9.0]
	at com.rabbitmq.client.impl.AMQChannel.exnWrappingRpc(AMQChannel.java:141) ~[amqp-client-5.9.0.jar:5.9.0]
	... 14 common frames omitted
Caused by: com.rabbitmq.client.ShutdownSignalException: channel error; protocol method: #method<channel.close>(reply-code=404, reply-text=NOT_FOUND - no queue 'spring-boot1682273392349' in vhost '/', class-id=50, method-id=10)
	at com.rabbitmq.client.impl.ChannelN.asyncShutdown(ChannelN.java:517) ~[amqp-client-5.9.0.jar:5.9.0]
	at com.rabbitmq.client.impl.ChannelN.processAsync(ChannelN.java:341) ~[amqp-client-5.9.0.jar:5.9.0]
	at com.rabbitmq.client.impl.AMQChannel.handleCompleteInboundCommand(AMQChannel.java:182) ~[amqp-client-5.9.0.jar:5.9.0]
	at com.rabbitmq.client.impl.AMQChannel.handleFrame(AMQChannel.java:114) ~[amqp-client-5.9.0.jar:5.9.0]
	at com.rabbitmq.client.impl.AMQConnection.readFrame(AMQConnection.java:739) ~[amqp-client-5.9.0.jar:5.9.0]
	at com.rabbitmq.client.impl.AMQConnection.access$300(AMQConnection.java:47) ~[amqp-client-5.9.0.jar:5.9.0]
	at com.rabbitmq.client.impl.AMQConnection$MainLoop.run(AMQConnection.java:666) ~[amqp-client-5.9.0.jar:5.9.0]
	... 1 common frames omitted

2023-04-23 23:10:10.483  WARN 1528 --- [    container-1] o.s.a.r.listener.BlockingQueueConsumer   : Failed to declare queue: spring-boot1682273392349
2023-04-23 23:10:10.483  WARN 1528 --- [    container-1] o.s.a.r.listener.BlockingQueueConsumer   : Queue declaration failed; retries left=2

org.springframework.amqp.rabbit.listener.BlockingQueueConsumer$DeclarationException: Failed to declare queue(s):[spring-boot1682273392349]
	at org.springframework.amqp.rabbit.listener.BlockingQueueConsumer.attemptPassiveDeclarations(BlockingQueueConsumer.java:700) ~[spring-rabbit-2.2.9.RELEASE.jar:2.2.9.RELEASE]
	at org.springframework.amqp.rabbit.listener.BlockingQueueConsumer.passiveDeclarations(BlockingQueueConsumer.java:584) ~[spring-rabbit-2.2.9.RELEASE.jar:2.2.9.RELEASE]
	at org.springframework.amqp.rabbit.listener.BlockingQueueConsumer.start(BlockingQueueConsumer.java:571) ~[spring-rabbit-2.2.9.RELEASE.jar:2.2.9.RELEASE]
	at org.springframework.amqp.rabbit.listener.SimpleMessageListenerContainer$AsyncMessageProcessingConsumer.initialize(SimpleMessageListenerContainer.java:1350) ~[spring-rabbit-2.2.9.RELEASE.jar:2.2.9.RELEASE]
	at org.springframework.amqp.rabbit.listener.SimpleMessageListenerContainer$AsyncMessageProcessingConsumer.run(SimpleMessageListenerContainer.java:1195) ~[spring-rabbit-2.2.9.RELEASE.jar:2.2.9.RELEASE]
	at java.base/java.lang.Thread.run(Thread.java:833) ~[na:na]
Caused by: java.io.IOException: null
	at com.rabbitmq.client.impl.AMQChannel.wrap(AMQChannel.java:129) ~[amqp-client-5.9.0.jar:5.9.0]
	at com.rabbitmq.client.impl.AMQChannel.wrap(AMQChannel.java:125) ~[amqp-client-5.9.0.jar:5.9.0]
	at com.rabbitmq.client.impl.AMQChannel.exnWrappingRpc(AMQChannel.java:147) ~[amqp-client-5.9.0.jar:5.9.0]
	at com.rabbitmq.client.impl.ChannelN.queueDeclarePassive(ChannelN.java:1012) ~[amqp-client-5.9.0.jar:5.9.0]
	at com.rabbitmq.client.impl.ChannelN.queueDeclarePassive(ChannelN.java:46) ~[amqp-client-5.9.0.jar:5.9.0]
	at java.base/jdk.internal.reflect.NativeMethodAccessorImpl.invoke0(Native Method) ~[na:na]
	at java.base/jdk.internal.reflect.NativeMethodAccessorImpl.invoke(NativeMethodAccessorImpl.java:77) ~[na:na]
	at java.base/jdk.internal.reflect.DelegatingMethodAccessorImpl.invoke(DelegatingMethodAccessorImpl.java:43) ~[na:na]
	at java.base/java.lang.reflect.Method.invoke(Method.java:568) ~[na:na]
	at org.springframework.amqp.rabbit.connection.CachingConnectionFactory$CachedChannelInvocationHandler.invoke(CachingConnectionFactory.java:1184) ~[spring-rabbit-2.2.9.RELEASE.jar:2.2.9.RELEASE]
	at jdk.proxy2/jdk.proxy2.$Proxy70.queueDeclarePassive(Unknown Source) ~[na:na]
	at org.springframework.amqp.rabbit.listener.BlockingQueueConsumer.attemptPassiveDeclarations(BlockingQueueConsumer.java:679) ~[spring-rabbit-2.2.9.RELEASE.jar:2.2.9.RELEASE]
	... 5 common frames omitted
Caused by: com.rabbitmq.client.ShutdownSignalException: channel error; protocol method: #method<channel.close>(reply-code=404, reply-text=NOT_FOUND - no queue 'spring-boot1682273392349' in vhost '/', class-id=50, method-id=10)
	at com.rabbitmq.utility.ValueOrException.getValue(ValueOrException.java:66) ~[amqp-client-5.9.0.jar:5.9.0]
	at com.rabbitmq.utility.BlockingValueOrException.uninterruptibleGetValue(BlockingValueOrException.java:36) ~[amqp-client-5.9.0.jar:5.9.0]
	at com.rabbitmq.client.impl.AMQChannel$BlockingRpcContinuation.getReply(AMQChannel.java:502) ~[amqp-client-5.9.0.jar:5.9.0]
	at com.rabbitmq.client.impl.AMQChannel.privateRpc(AMQChannel.java:293) ~[amqp-client-5.9.0.jar:5.9.0]
	at com.rabbitmq.client.impl.AMQChannel.exnWrappingRpc(AMQChannel.java:141) ~[amqp-client-5.9.0.jar:5.9.0]
	... 14 common frames omitted
Caused by: com.rabbitmq.client.ShutdownSignalException: channel error; protocol method: #method<channel.close>(reply-code=404, reply-text=NOT_FOUND - no queue 'spring-boot1682273392349' in vhost '/', class-id=50, method-id=10)
	at com.rabbitmq.client.impl.ChannelN.asyncShutdown(ChannelN.java:517) ~[amqp-client-5.9.0.jar:5.9.0]
	at com.rabbitmq.client.impl.ChannelN.processAsync(ChannelN.java:341) ~[amqp-client-5.9.0.jar:5.9.0]
	at com.rabbitmq.client.impl.AMQChannel.handleCompleteInboundCommand(AMQChannel.java:182) ~[amqp-client-5.9.0.jar:5.9.0]
	at com.rabbitmq.client.impl.AMQChannel.handleFrame(AMQChannel.java:114) ~[amqp-client-5.9.0.jar:5.9.0]
	at com.rabbitmq.client.impl.AMQConnection.readFrame(AMQConnection.java:739) ~[amqp-client-5.9.0.jar:5.9.0]
	at com.rabbitmq.client.impl.AMQConnection.access$300(AMQConnection.java:47) ~[amqp-client-5.9.0.jar:5.9.0]
	at com.rabbitmq.client.impl.AMQConnection$MainLoop.run(AMQConnection.java:666) ~[amqp-client-5.9.0.jar:5.9.0]
	... 1 common frames omitted

2023-04-23 23:10:15.486  WARN 1528 --- [    container-1] o.s.a.r.listener.BlockingQueueConsumer   : Failed to declare queue: spring-boot1682273392349
2023-04-23 23:10:15.486  WARN 1528 --- [    container-1] o.s.a.r.listener.BlockingQueueConsumer   : Queue declaration failed; retries left=1

org.springframework.amqp.rabbit.listener.BlockingQueueConsumer$DeclarationException: Failed to declare queue(s):[spring-boot1682273392349]
	at org.springframework.amqp.rabbit.listener.BlockingQueueConsumer.attemptPassiveDeclarations(BlockingQueueConsumer.java:700) ~[spring-rabbit-2.2.9.RELEASE.jar:2.2.9.RELEASE]
	at org.springframework.amqp.rabbit.listener.BlockingQueueConsumer.passiveDeclarations(BlockingQueueConsumer.java:584) ~[spring-rabbit-2.2.9.RELEASE.jar:2.2.9.RELEASE]
	at org.springframework.amqp.rabbit.listener.BlockingQueueConsumer.start(BlockingQueueConsumer.java:571) ~[spring-rabbit-2.2.9.RELEASE.jar:2.2.9.RELEASE]
	at org.springframework.amqp.rabbit.listener.SimpleMessageListenerContainer$AsyncMessageProcessingConsumer.initialize(SimpleMessageListenerContainer.java:1350) ~[spring-rabbit-2.2.9.RELEASE.jar:2.2.9.RELEASE]
	at org.springframework.amqp.rabbit.listener.SimpleMessageListenerContainer$AsyncMessageProcessingConsumer.run(SimpleMessageListenerContainer.java:1195) ~[spring-rabbit-2.2.9.RELEASE.jar:2.2.9.RELEASE]
	at java.base/java.lang.Thread.run(Thread.java:833) ~[na:na]
Caused by: java.io.IOException: null
	at com.rabbitmq.client.impl.AMQChannel.wrap(AMQChannel.java:129) ~[amqp-client-5.9.0.jar:5.9.0]
	at com.rabbitmq.client.impl.AMQChannel.wrap(AMQChannel.java:125) ~[amqp-client-5.9.0.jar:5.9.0]
	at com.rabbitmq.client.impl.AMQChannel.exnWrappingRpc(AMQChannel.java:147) ~[amqp-client-5.9.0.jar:5.9.0]
	at com.rabbitmq.client.impl.ChannelN.queueDeclarePassive(ChannelN.java:1012) ~[amqp-client-5.9.0.jar:5.9.0]
	at com.rabbitmq.client.impl.ChannelN.queueDeclarePassive(ChannelN.java:46) ~[amqp-client-5.9.0.jar:5.9.0]
	at java.base/jdk.internal.reflect.NativeMethodAccessorImpl.invoke0(Native Method) ~[na:na]
	at java.base/jdk.internal.reflect.NativeMethodAccessorImpl.invoke(NativeMethodAccessorImpl.java:77) ~[na:na]
	at java.base/jdk.internal.reflect.DelegatingMethodAccessorImpl.invoke(DelegatingMethodAccessorImpl.java:43) ~[na:na]
	at java.base/java.lang.reflect.Method.invoke(Method.java:568) ~[na:na]
	at org.springframework.amqp.rabbit.connection.CachingConnectionFactory$CachedChannelInvocationHandler.invoke(CachingConnectionFactory.java:1184) ~[spring-rabbit-2.2.9.RELEASE.jar:2.2.9.RELEASE]
	at jdk.proxy2/jdk.proxy2.$Proxy70.queueDeclarePassive(Unknown Source) ~[na:na]
	at org.springframework.amqp.rabbit.listener.BlockingQueueConsumer.attemptPassiveDeclarations(BlockingQueueConsumer.java:679) ~[spring-rabbit-2.2.9.RELEASE.jar:2.2.9.RELEASE]
	... 5 common frames omitted
Caused by: com.rabbitmq.client.ShutdownSignalException: channel error; protocol method: #method<channel.close>(reply-code=404, reply-text=NOT_FOUND - no queue 'spring-boot1682273392349' in vhost '/', class-id=50, method-id=10)
	at com.rabbitmq.utility.ValueOrException.getValue(ValueOrException.java:66) ~[amqp-client-5.9.0.jar:5.9.0]
	at com.rabbitmq.utility.BlockingValueOrException.uninterruptibleGetValue(BlockingValueOrException.java:36) ~[amqp-client-5.9.0.jar:5.9.0]
	at com.rabbitmq.client.impl.AMQChannel$BlockingRpcContinuation.getReply(AMQChannel.java:502) ~[amqp-client-5.9.0.jar:5.9.0]
	at com.rabbitmq.client.impl.AMQChannel.privateRpc(AMQChannel.java:293) ~[amqp-client-5.9.0.jar:5.9.0]
	at com.rabbitmq.client.impl.AMQChannel.exnWrappingRpc(AMQChannel.java:141) ~[amqp-client-5.9.0.jar:5.9.0]
	... 14 common frames omitted
Caused by: com.rabbitmq.client.ShutdownSignalException: channel error; protocol method: #method<channel.close>(reply-code=404, reply-text=NOT_FOUND - no queue 'spring-boot1682273392349' in vhost '/', class-id=50, method-id=10)
	at com.rabbitmq.client.impl.ChannelN.asyncShutdown(ChannelN.java:517) ~[amqp-client-5.9.0.jar:5.9.0]
	at com.rabbitmq.client.impl.ChannelN.processAsync(ChannelN.java:341) ~[amqp-client-5.9.0.jar:5.9.0]
	at com.rabbitmq.client.impl.AMQChannel.handleCompleteInboundCommand(AMQChannel.java:182) ~[amqp-client-5.9.0.jar:5.9.0]
	at com.rabbitmq.client.impl.AMQChannel.handleFrame(AMQChannel.java:114) ~[amqp-client-5.9.0.jar:5.9.0]
	at com.rabbitmq.client.impl.AMQConnection.readFrame(AMQConnection.java:739) ~[amqp-client-5.9.0.jar:5.9.0]
	at com.rabbitmq.client.impl.AMQConnection.access$300(AMQConnection.java:47) ~[amqp-client-5.9.0.jar:5.9.0]
	at com.rabbitmq.client.impl.AMQConnection$MainLoop.run(AMQConnection.java:666) ~[amqp-client-5.9.0.jar:5.9.0]
	... 1 common frames omitted

2023-04-23 23:10:20.503  WARN 1528 --- [    container-1] o.s.a.r.listener.BlockingQueueConsumer   : Failed to declare queue: spring-boot1682273392349
2023-04-23 23:10:20.504 ERROR 1528 --- [    container-1] o.s.a.r.l.SimpleMessageListenerContainer : Consumer threw missing queues exception, fatal=true

org.springframework.amqp.rabbit.listener.QueuesNotAvailableException: Cannot prepare queue for listener. Either the queue doesn't exist or the broker will not allow us to use it.
	at org.springframework.amqp.rabbit.listener.BlockingQueueConsumer.handleDeclarationException(BlockingQueueConsumer.java:651) ~[spring-rabbit-2.2.9.RELEASE.jar:2.2.9.RELEASE]
	at org.springframework.amqp.rabbit.listener.BlockingQueueConsumer.passiveDeclarations(BlockingQueueConsumer.java:591) ~[spring-rabbit-2.2.9.RELEASE.jar:2.2.9.RELEASE]
	at org.springframework.amqp.rabbit.listener.BlockingQueueConsumer.start(BlockingQueueConsumer.java:571) ~[spring-rabbit-2.2.9.RELEASE.jar:2.2.9.RELEASE]
	at org.springframework.amqp.rabbit.listener.SimpleMessageListenerContainer$AsyncMessageProcessingConsumer.initialize(SimpleMessageListenerContainer.java:1350) ~[spring-rabbit-2.2.9.RELEASE.jar:2.2.9.RELEASE]
	at org.springframework.amqp.rabbit.listener.SimpleMessageListenerContainer$AsyncMessageProcessingConsumer.run(SimpleMessageListenerContainer.java:1195) ~[spring-rabbit-2.2.9.RELEASE.jar:2.2.9.RELEASE]
	at java.base/java.lang.Thread.run(Thread.java:833) ~[na:na]
Caused by: org.springframework.amqp.rabbit.listener.BlockingQueueConsumer$DeclarationException: Failed to declare queue(s):[spring-boot1682273392349]
	at org.springframework.amqp.rabbit.listener.BlockingQueueConsumer.attemptPassiveDeclarations(BlockingQueueConsumer.java:700) ~[spring-rabbit-2.2.9.RELEASE.jar:2.2.9.RELEASE]
	at org.springframework.amqp.rabbit.listener.BlockingQueueConsumer.passiveDeclarations(BlockingQueueConsumer.java:584) ~[spring-rabbit-2.2.9.RELEASE.jar:2.2.9.RELEASE]
	... 4 common frames omitted
Caused by: java.io.IOException: null
	at com.rabbitmq.client.impl.AMQChannel.wrap(AMQChannel.java:129) ~[amqp-client-5.9.0.jar:5.9.0]
	at com.rabbitmq.client.impl.AMQChannel.wrap(AMQChannel.java:125) ~[amqp-client-5.9.0.jar:5.9.0]
	at com.rabbitmq.client.impl.AMQChannel.exnWrappingRpc(AMQChannel.java:147) ~[amqp-client-5.9.0.jar:5.9.0]
	at com.rabbitmq.client.impl.ChannelN.queueDeclarePassive(ChannelN.java:1012) ~[amqp-client-5.9.0.jar:5.9.0]
	at com.rabbitmq.client.impl.ChannelN.queueDeclarePassive(ChannelN.java:46) ~[amqp-client-5.9.0.jar:5.9.0]
	at java.base/jdk.internal.reflect.NativeMethodAccessorImpl.invoke0(Native Method) ~[na:na]
	at java.base/jdk.internal.reflect.NativeMethodAccessorImpl.invoke(NativeMethodAccessorImpl.java:77) ~[na:na]
	at java.base/jdk.internal.reflect.DelegatingMethodAccessorImpl.invoke(DelegatingMethodAccessorImpl.java:43) ~[na:na]
	at java.base/java.lang.reflect.Method.invoke(Method.java:568) ~[na:na]
	at org.springframework.amqp.rabbit.connection.CachingConnectionFactory$CachedChannelInvocationHandler.invoke(CachingConnectionFactory.java:1184) ~[spring-rabbit-2.2.9.RELEASE.jar:2.2.9.RELEASE]
	at jdk.proxy2/jdk.proxy2.$Proxy70.queueDeclarePassive(Unknown Source) ~[na:na]
	at org.springframework.amqp.rabbit.listener.BlockingQueueConsumer.attemptPassiveDeclarations(BlockingQueueConsumer.java:679) ~[spring-rabbit-2.2.9.RELEASE.jar:2.2.9.RELEASE]
	... 5 common frames omitted
Caused by: com.rabbitmq.client.ShutdownSignalException: channel error; protocol method: #method<channel.close>(reply-code=404, reply-text=NOT_FOUND - no queue 'spring-boot1682273392349' in vhost '/', class-id=50, method-id=10)
	at com.rabbitmq.utility.ValueOrException.getValue(ValueOrException.java:66) ~[amqp-client-5.9.0.jar:5.9.0]
	at com.rabbitmq.utility.BlockingValueOrException.uninterruptibleGetValue(BlockingValueOrException.java:36) ~[amqp-client-5.9.0.jar:5.9.0]
	at com.rabbitmq.client.impl.AMQChannel$BlockingRpcContinuation.getReply(AMQChannel.java:502) ~[amqp-client-5.9.0.jar:5.9.0]
	at com.rabbitmq.client.impl.AMQChannel.privateRpc(AMQChannel.java:293) ~[amqp-client-5.9.0.jar:5.9.0]
	at com.rabbitmq.client.impl.AMQChannel.exnWrappingRpc(AMQChannel.java:141) ~[amqp-client-5.9.0.jar:5.9.0]
	... 14 common frames omitted
Caused by: com.rabbitmq.client.ShutdownSignalException: channel error; protocol method: #method<channel.close>(reply-code=404, reply-text=NOT_FOUND - no queue 'spring-boot1682273392349' in vhost '/', class-id=50, method-id=10)
	at com.rabbitmq.client.impl.ChannelN.asyncShutdown(ChannelN.java:517) ~[amqp-client-5.9.0.jar:5.9.0]
	at com.rabbitmq.client.impl.ChannelN.processAsync(ChannelN.java:341) ~[amqp-client-5.9.0.jar:5.9.0]
	at com.rabbitmq.client.impl.AMQChannel.handleCompleteInboundCommand(AMQChannel.java:182) ~[amqp-client-5.9.0.jar:5.9.0]
	at com.rabbitmq.client.impl.AMQChannel.handleFrame(AMQChannel.java:114) ~[amqp-client-5.9.0.jar:5.9.0]
	at com.rabbitmq.client.impl.AMQConnection.readFrame(AMQConnection.java:739) ~[amqp-client-5.9.0.jar:5.9.0]
	at com.rabbitmq.client.impl.AMQConnection.access$300(AMQConnection.java:47) ~[amqp-client-5.9.0.jar:5.9.0]
	at com.rabbitmq.client.impl.AMQConnection$MainLoop.run(AMQConnection.java:666) ~[amqp-client-5.9.0.jar:5.9.0]
	... 1 common frames omitted

2023-04-23 23:10:20.505  WARN 1528 --- [           main] s.c.a.AnnotationConfigApplicationContext : Exception encountered during context initialization - cancelling refresh attempt: org.springframework.context.ApplicationContextException: Failed to start bean 'container'; nested exception is org.springframework.amqp.AmqpIllegalStateException: Fatal exception on listener startup
2023-04-23 23:10:20.508 ERROR 1528 --- [    container-1] o.s.a.r.l.SimpleMessageListenerContainer : Stopping container from aborted consumer
2023-04-23 23:10:20.508  INFO 1528 --- [           main] o.s.a.r.l.SimpleMessageListenerContainer : Shutdown ignored - container is stopping due to an aborted consumer
2023-04-23 23:10:20.508  INFO 1528 --- [    container-1] o.s.a.r.l.SimpleMessageListenerContainer : Shutdown ignored - container is not active already
2023-04-23 23:10:20.521  INFO 1528 --- [           main] ConditionEvaluationReportLoggingListener : 

Error starting ApplicationContext. To display the conditions report re-run your application with 'debug' enabled.
2023-04-23 23:10:20.524 ERROR 1528 --- [           main] o.s.boot.SpringApplication               : Application run failed

org.springframework.context.ApplicationContextException: Failed to start bean 'container'; nested exception is org.springframework.amqp.AmqpIllegalStateException: Fatal exception on listener startup
	at org.springframework.context.support.DefaultLifecycleProcessor.doStart(DefaultLifecycleProcessor.java:185) ~[spring-context-5.2.8.RELEASE.jar:5.2.8.RELEASE]
	at org.springframework.context.support.DefaultLifecycleProcessor.access$200(DefaultLifecycleProcessor.java:53) ~[spring-context-5.2.8.RELEASE.jar:5.2.8.RELEASE]
	at org.springframework.context.support.DefaultLifecycleProcessor$LifecycleGroup.start(DefaultLifecycleProcessor.java:360) ~[spring-context-5.2.8.RELEASE.jar:5.2.8.RELEASE]
	at org.springframework.context.support.DefaultLifecycleProcessor.startBeans(DefaultLifecycleProcessor.java:158) ~[spring-context-5.2.8.RELEASE.jar:5.2.8.RELEASE]
	at org.springframework.context.support.DefaultLifecycleProcessor.onRefresh(DefaultLifecycleProcessor.java:122) ~[spring-context-5.2.8.RELEASE.jar:5.2.8.RELEASE]
	at org.springframework.context.support.AbstractApplicationContext.finishRefresh(AbstractApplicationContext.java:895) ~[spring-context-5.2.8.RELEASE.jar:5.2.8.RELEASE]
	at org.springframework.context.support.AbstractApplicationContext.refresh(AbstractApplicationContext.java:554) ~[spring-context-5.2.8.RELEASE.jar:5.2.8.RELEASE]
	at org.springframework.boot.SpringApplication.refresh(SpringApplication.java:758) ~[spring-boot-2.3.2.RELEASE.jar:2.3.2.RELEASE]
	at org.springframework.boot.SpringApplication.refresh(SpringApplication.java:750) ~[spring-boot-2.3.2.RELEASE.jar:2.3.2.RELEASE]
	at org.springframework.boot.SpringApplication.refreshContext(SpringApplication.java:397) ~[spring-boot-2.3.2.RELEASE.jar:2.3.2.RELEASE]
	at org.springframework.boot.SpringApplication.run(SpringApplication.java:315) ~[spring-boot-2.3.2.RELEASE.jar:2.3.2.RELEASE]
	at org.springframework.boot.test.context.SpringBootContextLoader.loadContext(SpringBootContextLoader.java:120) ~[spring-boot-test-2.3.2.RELEASE.jar:2.3.2.RELEASE]
	at org.springframework.test.context.cache.DefaultCacheAwareContextLoaderDelegate.loadContextInternal(DefaultCacheAwareContextLoaderDelegate.java:99) ~[spring-test-5.2.8.RELEASE.jar:5.2.8.RELEASE]
	at org.springframework.test.context.cache.DefaultCacheAwareContextLoaderDelegate.loadContext(DefaultCacheAwareContextLoaderDelegate.java:124) ~[spring-test-5.2.8.RELEASE.jar:5.2.8.RELEASE]
	at org.springframework.test.context.support.DefaultTestContext.getApplicationContext(DefaultTestContext.java:123) ~[spring-test-5.2.8.RELEASE.jar:5.2.8.RELEASE]
	at org.springframework.boot.test.mock.mockito.MockitoTestExecutionListener.postProcessFields(MockitoTestExecutionListener.java:95) ~[spring-boot-test-2.3.2.RELEASE.jar:2.3.2.RELEASE]
	at org.springframework.boot.test.mock.mockito.MockitoTestExecutionListener.injectFields(MockitoTestExecutionListener.java:79) ~[spring-boot-test-2.3.2.RELEASE.jar:2.3.2.RELEASE]
	at org.springframework.boot.test.mock.mockito.MockitoTestExecutionListener.prepareTestInstance(MockitoTestExecutionListener.java:54) ~[spring-boot-test-2.3.2.RELEASE.jar:2.3.2.RELEASE]
	at org.springframework.test.context.TestContextManager.prepareTestInstance(TestContextManager.java:244) ~[spring-test-5.2.8.RELEASE.jar:5.2.8.RELEASE]
	at org.springframework.test.context.junit.jupiter.SpringExtension.postProcessTestInstance(SpringExtension.java:98) ~[spring-test-5.2.8.RELEASE.jar:5.2.8.RELEASE]
	at org.junit.jupiter.engine.descriptor.ClassBasedTestDescriptor.lambda$invokeTestInstancePostProcessors$5(ClassBasedTestDescriptor.java:341) ~[junit-jupiter-engine-5.6.2.jar:5.6.2]
	at org.junit.jupiter.engine.descriptor.ClassBasedTestDescriptor.executeAndMaskThrowable(ClassBasedTestDescriptor.java:346) ~[junit-jupiter-engine-5.6.2.jar:5.6.2]
	at org.junit.jupiter.engine.descriptor.ClassBasedTestDescriptor.lambda$invokeTestInstancePostProcessors$6(ClassBasedTestDescriptor.java:341) ~[junit-jupiter-engine-5.6.2.jar:5.6.2]
	at java.base/java.util.stream.ReferencePipeline$3$1.accept(ReferencePipeline.java:197) ~[na:na]
	at java.base/java.util.stream.ReferencePipeline$2$1.accept(ReferencePipeline.java:179) ~[na:na]
	at java.base/java.util.ArrayList$ArrayListSpliterator.forEachRemaining(ArrayList.java:1625) ~[na:na]
	at java.base/java.util.stream.AbstractPipeline.copyInto(AbstractPipeline.java:509) ~[na:na]
	at java.base/java.util.stream.AbstractPipeline.wrapAndCopyInto(AbstractPipeline.java:499) ~[na:na]
	at java.base/java.util.stream.StreamSpliterators$WrappingSpliterator.forEachRemaining(StreamSpliterators.java:310) ~[na:na]
	at java.base/java.util.stream.Streams$ConcatSpliterator.forEachRemaining(Streams.java:735) ~[na:na]
	at java.base/java.util.stream.Streams$ConcatSpliterator.forEachRemaining(Streams.java:734) ~[na:na]
	at java.base/java.util.stream.ReferencePipeline$Head.forEach(ReferencePipeline.java:762) ~[na:na]
	at org.junit.jupiter.engine.descriptor.ClassBasedTestDescriptor.invokeTestInstancePostProcessors(ClassBasedTestDescriptor.java:340) ~[junit-jupiter-engine-5.6.2.jar:5.6.2]
	at org.junit.jupiter.engine.descriptor.ClassBasedTestDescriptor.instantiateAndPostProcessTestInstance(ClassBasedTestDescriptor.java:263) ~[junit-jupiter-engine-5.6.2.jar:5.6.2]
	at org.junit.jupiter.engine.descriptor.ClassBasedTestDescriptor.lambda$testInstancesProvider$2(ClassBasedTestDescriptor.java:256) ~[junit-jupiter-engine-5.6.2.jar:5.6.2]
	at java.base/java.util.Optional.orElseGet(Optional.java:364) ~[na:na]
	at org.junit.jupiter.engine.descriptor.ClassBasedTestDescriptor.lambda$testInstancesProvider$3(ClassBasedTestDescriptor.java:255) ~[junit-jupiter-engine-5.6.2.jar:5.6.2]
	at org.junit.jupiter.engine.execution.TestInstancesProvider.getTestInstances(TestInstancesProvider.java:29) ~[junit-jupiter-engine-5.6.2.jar:5.6.2]
	at org.junit.jupiter.engine.descriptor.TestMethodTestDescriptor.lambda$prepare$0(TestMethodTestDescriptor.java:108) ~[junit-jupiter-engine-5.6.2.jar:5.6.2]
	at org.junit.platform.engine.support.hierarchical.ThrowableCollector.execute(ThrowableCollector.java:73) ~[junit-platform-engine-1.6.2.jar:1.6.2]
	at org.junit.jupiter.engine.descriptor.TestMethodTestDescriptor.prepare(TestMethodTestDescriptor.java:107) ~[junit-jupiter-engine-5.6.2.jar:5.6.2]
	at org.junit.jupiter.engine.descriptor.TestMethodTestDescriptor.prepare(TestMethodTestDescriptor.java:71) ~[junit-jupiter-engine-5.6.2.jar:5.6.2]
	at org.junit.platform.engine.support.hierarchical.NodeTestTask.lambda$prepare$1(NodeTestTask.java:107) ~[junit-platform-engine-1.6.2.jar:1.6.2]
	at org.junit.platform.engine.support.hierarchical.ThrowableCollector.execute(ThrowableCollector.java:73) ~[junit-platform-engine-1.6.2.jar:1.6.2]
	at org.junit.platform.engine.support.hierarchical.NodeTestTask.prepare(NodeTestTask.java:107) ~[junit-platform-engine-1.6.2.jar:1.6.2]
	at org.junit.platform.engine.support.hierarchical.NodeTestTask.execute(NodeTestTask.java:75) ~[junit-platform-engine-1.6.2.jar:1.6.2]
	at java.base/java.util.ArrayList.forEach(ArrayList.java:1511) ~[na:na]
	at org.junit.platform.engine.support.hierarchical.SameThreadHierarchicalTestExecutorService.invokeAll(SameThreadHierarchicalTestExecutorService.java:38) ~[junit-platform-engine-1.6.2.jar:1.6.2]
	at org.junit.platform.engine.support.hierarchical.NodeTestTask.lambda$executeRecursively$5(NodeTestTask.java:139) ~[junit-platform-engine-1.6.2.jar:1.6.2]
	at org.junit.platform.engine.support.hierarchical.ThrowableCollector.execute(ThrowableCollector.java:73) ~[junit-platform-engine-1.6.2.jar:1.6.2]
	at org.junit.platform.engine.support.hierarchical.NodeTestTask.lambda$executeRecursively$7(NodeTestTask.java:125) ~[junit-platform-engine-1.6.2.jar:1.6.2]
	at org.junit.platform.engine.support.hierarchical.Node.around(Node.java:135) ~[junit-platform-engine-1.6.2.jar:1.6.2]
	at org.junit.platform.engine.support.hierarchical.NodeTestTask.lambda$executeRecursively$8(NodeTestTask.java:123) ~[junit-platform-engine-1.6.2.jar:1.6.2]
	at org.junit.platform.engine.support.hierarchical.ThrowableCollector.execute(ThrowableCollector.java:73) ~[junit-platform-engine-1.6.2.jar:1.6.2]
	at org.junit.platform.engine.support.hierarchical.NodeTestTask.executeRecursively(NodeTestTask.java:122) ~[junit-platform-engine-1.6.2.jar:1.6.2]
	at org.junit.platform.engine.support.hierarchical.NodeTestTask.execute(NodeTestTask.java:80) ~[junit-platform-engine-1.6.2.jar:1.6.2]
	at java.base/java.util.ArrayList.forEach(ArrayList.java:1511) ~[na:na]
	at org.junit.platform.engine.support.hierarchical.SameThreadHierarchicalTestExecutorService.invokeAll(SameThreadHierarchicalTestExecutorService.java:38) ~[junit-platform-engine-1.6.2.jar:1.6.2]
	at org.junit.platform.engine.support.hierarchical.NodeTestTask.lambda$executeRecursively$5(NodeTestTask.java:139) ~[junit-platform-engine-1.6.2.jar:1.6.2]
	at org.junit.platform.engine.support.hierarchical.ThrowableCollector.execute(ThrowableCollector.java:73) ~[junit-platform-engine-1.6.2.jar:1.6.2]
	at org.junit.platform.engine.support.hierarchical.NodeTestTask.lambda$executeRecursively$7(NodeTestTask.java:125) ~[junit-platform-engine-1.6.2.jar:1.6.2]
	at org.junit.platform.engine.support.hierarchical.Node.around(Node.java:135) ~[junit-platform-engine-1.6.2.jar:1.6.2]
	at org.junit.platform.engine.support.hierarchical.NodeTestTask.lambda$executeRecursively$8(NodeTestTask.java:123) ~[junit-platform-engine-1.6.2.jar:1.6.2]
	at org.junit.platform.engine.support.hierarchical.ThrowableCollector.execute(ThrowableCollector.java:73) ~[junit-platform-engine-1.6.2.jar:1.6.2]
	at org.junit.platform.engine.support.hierarchical.NodeTestTask.executeRecursively(NodeTestTask.java:122) ~[junit-platform-engine-1.6.2.jar:1.6.2]
	at org.junit.platform.engine.support.hierarchical.NodeTestTask.execute(NodeTestTask.java:80) ~[junit-platform-engine-1.6.2.jar:1.6.2]
	at org.junit.platform.engine.support.hierarchical.SameThreadHierarchicalTestExecutorService.submit(SameThreadHierarchicalTestExecutorService.java:32) ~[junit-platform-engine-1.6.2.jar:1.6.2]
	at org.junit.platform.engine.support.hierarchical.HierarchicalTestExecutor.execute(HierarchicalTestExecutor.java:57) ~[junit-platform-engine-1.6.2.jar:1.6.2]
	at org.junit.platform.engine.support.hierarchical.HierarchicalTestEngine.execute(HierarchicalTestEngine.java:51) ~[junit-platform-engine-1.6.2.jar:1.6.2]
	at org.junit.platform.launcher.core.DefaultLauncher.execute(DefaultLauncher.java:220) ~[junit-platform-launcher-1.3.1.jar:1.3.1]
	at org.junit.platform.launcher.core.DefaultLauncher.lambda$execute$6(DefaultLauncher.java:188) ~[junit-platform-launcher-1.3.1.jar:1.3.1]
	at org.junit.platform.launcher.core.DefaultLauncher.withInterceptedStreams(DefaultLauncher.java:202) ~[junit-platform-launcher-1.3.1.jar:1.3.1]
	at org.junit.platform.launcher.core.DefaultLauncher.execute(DefaultLauncher.java:181) ~[junit-platform-launcher-1.3.1.jar:1.3.1]
	at org.junit.platform.launcher.core.DefaultLauncher.execute(DefaultLauncher.java:128) ~[junit-platform-launcher-1.3.1.jar:1.3.1]
	at org.apache.maven.surefire.junitplatform.JUnitPlatformProvider.invokeAllTests(JUnitPlatformProvider.java:150) ~[surefire-junit-platform-2.22.2.jar:2.22.2]
	at org.apache.maven.surefire.junitplatform.JUnitPlatformProvider.invoke(JUnitPlatformProvider.java:124) ~[surefire-junit-platform-2.22.2.jar:2.22.2]
	at org.apache.maven.surefire.booter.ForkedBooter.invokeProviderInSameClassLoader(ForkedBooter.java:384) ~[surefire-booter-2.22.2.jar:2.22.2]
	at org.apache.maven.surefire.booter.ForkedBooter.runSuitesInProcess(ForkedBooter.java:345) ~[surefire-booter-2.22.2.jar:2.22.2]
	at org.apache.maven.surefire.booter.ForkedBooter.execute(ForkedBooter.java:126) ~[surefire-booter-2.22.2.jar:2.22.2]
	at org.apache.maven.surefire.booter.ForkedBooter.main(ForkedBooter.java:418) ~[surefire-booter-2.22.2.jar:2.22.2]
Caused by: org.springframework.amqp.AmqpIllegalStateException: Fatal exception on listener startup
	at org.springframework.amqp.rabbit.listener.SimpleMessageListenerContainer.waitForConsumersToStart(SimpleMessageListenerContainer.java:614) ~[spring-rabbit-2.2.9.RELEASE.jar:2.2.9.RELEASE]
	at org.springframework.amqp.rabbit.listener.SimpleMessageListenerContainer.doStart(SimpleMessageListenerContainer.java:575) ~[spring-rabbit-2.2.9.RELEASE.jar:2.2.9.RELEASE]
	at org.springframework.amqp.rabbit.listener.AbstractMessageListenerContainer.start(AbstractMessageListenerContainer.java:1313) ~[spring-rabbit-2.2.9.RELEASE.jar:2.2.9.RELEASE]
	at org.springframework.context.support.DefaultLifecycleProcessor.doStart(DefaultLifecycleProcessor.java:182) ~[spring-context-5.2.8.RELEASE.jar:5.2.8.RELEASE]
	... 79 common frames omitted
Caused by: org.springframework.amqp.rabbit.listener.QueuesNotAvailableException: Cannot prepare queue for listener. Either the queue doesn't exist or the broker will not allow us to use it.
	at org.springframework.amqp.rabbit.listener.BlockingQueueConsumer.handleDeclarationException(BlockingQueueConsumer.java:651) ~[spring-rabbit-2.2.9.RELEASE.jar:2.2.9.RELEASE]
	at org.springframework.amqp.rabbit.listener.BlockingQueueConsumer.passiveDeclarations(BlockingQueueConsumer.java:591) ~[spring-rabbit-2.2.9.RELEASE.jar:2.2.9.RELEASE]
	at org.springframework.amqp.rabbit.listener.BlockingQueueConsumer.start(BlockingQueueConsumer.java:571) ~[spring-rabbit-2.2.9.RELEASE.jar:2.2.9.RELEASE]
	at org.springframework.amqp.rabbit.listener.SimpleMessageListenerContainer$AsyncMessageProcessingConsumer.initialize(SimpleMessageListenerContainer.java:1350) ~[spring-rabbit-2.2.9.RELEASE.jar:2.2.9.RELEASE]
	at org.springframework.amqp.rabbit.listener.SimpleMessageListenerContainer$AsyncMessageProcessingConsumer.run(SimpleMessageListenerContainer.java:1195) ~[spring-rabbit-2.2.9.RELEASE.jar:2.2.9.RELEASE]
	at java.base/java.lang.Thread.run(Thread.java:833) ~[na:na]
Caused by: org.springframework.amqp.rabbit.listener.BlockingQueueConsumer$DeclarationException: Failed to declare queue(s):[spring-boot1682273392349]
	at org.springframework.amqp.rabbit.listener.BlockingQueueConsumer.attemptPassiveDeclarations(BlockingQueueConsumer.java:700) ~[spring-rabbit-2.2.9.RELEASE.jar:2.2.9.RELEASE]
	at org.springframework.amqp.rabbit.listener.BlockingQueueConsumer.passiveDeclarations(BlockingQueueConsumer.java:584) ~[spring-rabbit-2.2.9.RELEASE.jar:2.2.9.RELEASE]
	... 4 common frames omitted
Caused by: java.io.IOException: null
	at com.rabbitmq.client.impl.AMQChannel.wrap(AMQChannel.java:129) ~[amqp-client-5.9.0.jar:5.9.0]
	at com.rabbitmq.client.impl.AMQChannel.wrap(AMQChannel.java:125) ~[amqp-client-5.9.0.jar:5.9.0]
	at com.rabbitmq.client.impl.AMQChannel.exnWrappingRpc(AMQChannel.java:147) ~[amqp-client-5.9.0.jar:5.9.0]
	at com.rabbitmq.client.impl.ChannelN.queueDeclarePassive(ChannelN.java:1012) ~[amqp-client-5.9.0.jar:5.9.0]
	at com.rabbitmq.client.impl.ChannelN.queueDeclarePassive(ChannelN.java:46) ~[amqp-client-5.9.0.jar:5.9.0]
	at java.base/jdk.internal.reflect.NativeMethodAccessorImpl.invoke0(Native Method) ~[na:na]
	at java.base/jdk.internal.reflect.NativeMethodAccessorImpl.invoke(NativeMethodAccessorImpl.java:77) ~[na:na]
	at java.base/jdk.internal.reflect.DelegatingMethodAccessorImpl.invoke(DelegatingMethodAccessorImpl.java:43) ~[na:na]
	at java.base/java.lang.reflect.Method.invoke(Method.java:568) ~[na:na]
	at org.springframework.amqp.rabbit.connection.CachingConnectionFactory$CachedChannelInvocationHandler.invoke(CachingConnectionFactory.java:1184) ~[spring-rabbit-2.2.9.RELEASE.jar:2.2.9.RELEASE]
	at jdk.proxy2/jdk.proxy2.$Proxy70.queueDeclarePassive(Unknown Source) ~[na:na]
	at org.springframework.amqp.rabbit.listener.BlockingQueueConsumer.attemptPassiveDeclarations(BlockingQueueConsumer.java:679) ~[spring-rabbit-2.2.9.RELEASE.jar:2.2.9.RELEASE]
	... 5 common frames omitted
Caused by: com.rabbitmq.client.ShutdownSignalException: channel error; protocol method: #method<channel.close>(reply-code=404, reply-text=NOT_FOUND - no queue 'spring-boot1682273392349' in vhost '/', class-id=50, method-id=10)
	at com.rabbitmq.utility.ValueOrException.getValue(ValueOrException.java:66) ~[amqp-client-5.9.0.jar:5.9.0]
	at com.rabbitmq.utility.BlockingValueOrException.uninterruptibleGetValue(BlockingValueOrException.java:36) ~[amqp-client-5.9.0.jar:5.9.0]
	at com.rabbitmq.client.impl.AMQChannel$BlockingRpcContinuation.getReply(AMQChannel.java:502) ~[amqp-client-5.9.0.jar:5.9.0]
	at com.rabbitmq.client.impl.AMQChannel.privateRpc(AMQChannel.java:293) ~[amqp-client-5.9.0.jar:5.9.0]
	at com.rabbitmq.client.impl.AMQChannel.exnWrappingRpc(AMQChannel.java:141) ~[amqp-client-5.9.0.jar:5.9.0]
	... 14 common frames omitted
Caused by: com.rabbitmq.client.ShutdownSignalException: channel error; protocol method: #method<channel.close>(reply-code=404, reply-text=NOT_FOUND - no queue 'spring-boot1682273392349' in vhost '/', class-id=50, method-id=10)
	at com.rabbitmq.client.impl.ChannelN.asyncShutdown(ChannelN.java:517) ~[amqp-client-5.9.0.jar:5.9.0]
	at com.rabbitmq.client.impl.ChannelN.processAsync(ChannelN.java:341) ~[amqp-client-5.9.0.jar:5.9.0]
	at com.rabbitmq.client.impl.AMQChannel.handleCompleteInboundCommand(AMQChannel.java:182) ~[amqp-client-5.9.0.jar:5.9.0]
	at com.rabbitmq.client.impl.AMQChannel.handleFrame(AMQChannel.java:114) ~[amqp-client-5.9.0.jar:5.9.0]
	at com.rabbitmq.client.impl.AMQConnection.readFrame(AMQConnection.java:739) ~[amqp-client-5.9.0.jar:5.9.0]
	at com.rabbitmq.client.impl.AMQConnection.access$300(AMQConnection.java:47) ~[amqp-client-5.9.0.jar:5.9.0]
	at com.rabbitmq.client.impl.AMQConnection$MainLoop.run(AMQConnection.java:666) ~[amqp-client-5.9.0.jar:5.9.0]
	... 1 common frames omitted

2023-04-23 23:10:20.528 ERROR 1528 --- [           main] o.s.test.context.TestContextManager      : Caught exception while allowing TestExecutionListener [org.springframework.boot.test.mock.mockito.MockitoTestExecutionListener@352c1b98] to prepare test instance [com.example.messagingrabbitmq.MessagingRabbitmqApplicationTest@6b357eb6]

java.lang.IllegalStateException: Failed to load ApplicationContext
	at org.springframework.test.context.cache.DefaultCacheAwareContextLoaderDelegate.loadContext(DefaultCacheAwareContextLoaderDelegate.java:132) ~[spring-test-5.2.8.RELEASE.jar:5.2.8.RELEASE]
	at org.springframework.test.context.support.DefaultTestContext.getApplicationContext(DefaultTestContext.java:123) ~[spring-test-5.2.8.RELEASE.jar:5.2.8.RELEASE]
	at org.springframework.boot.test.mock.mockito.MockitoTestExecutionListener.postProcessFields(MockitoTestExecutionListener.java:95) ~[spring-boot-test-2.3.2.RELEASE.jar:2.3.2.RELEASE]
	at org.springframework.boot.test.mock.mockito.MockitoTestExecutionListener.injectFields(MockitoTestExecutionListener.java:79) ~[spring-boot-test-2.3.2.RELEASE.jar:2.3.2.RELEASE]
	at org.springframework.boot.test.mock.mockito.MockitoTestExecutionListener.prepareTestInstance(MockitoTestExecutionListener.java:54) ~[spring-boot-test-2.3.2.RELEASE.jar:2.3.2.RELEASE]
	at org.springframework.test.context.TestContextManager.prepareTestInstance(TestContextManager.java:244) ~[spring-test-5.2.8.RELEASE.jar:5.2.8.RELEASE]
	at org.springframework.test.context.junit.jupiter.SpringExtension.postProcessTestInstance(SpringExtension.java:98) ~[spring-test-5.2.8.RELEASE.jar:5.2.8.RELEASE]
	at org.junit.jupiter.engine.descriptor.ClassBasedTestDescriptor.lambda$invokeTestInstancePostProcessors$5(ClassBasedTestDescriptor.java:341) ~[junit-jupiter-engine-5.6.2.jar:5.6.2]
	at org.junit.jupiter.engine.descriptor.ClassBasedTestDescriptor.executeAndMaskThrowable(ClassBasedTestDescriptor.java:346) ~[junit-jupiter-engine-5.6.2.jar:5.6.2]
	at org.junit.jupiter.engine.descriptor.ClassBasedTestDescriptor.lambda$invokeTestInstancePostProcessors$6(ClassBasedTestDescriptor.java:341) ~[junit-jupiter-engine-5.6.2.jar:5.6.2]
	at java.base/java.util.stream.ReferencePipeline$3$1.accept(ReferencePipeline.java:197) ~[na:na]
	at java.base/java.util.stream.ReferencePipeline$2$1.accept(ReferencePipeline.java:179) ~[na:na]
	at java.base/java.util.ArrayList$ArrayListSpliterator.forEachRemaining(ArrayList.java:1625) ~[na:na]
	at java.base/java.util.stream.AbstractPipeline.copyInto(AbstractPipeline.java:509) ~[na:na]
	at java.base/java.util.stream.AbstractPipeline.wrapAndCopyInto(AbstractPipeline.java:499) ~[na:na]
	at java.base/java.util.stream.StreamSpliterators$WrappingSpliterator.forEachRemaining(StreamSpliterators.java:310) ~[na:na]
	at java.base/java.util.stream.Streams$ConcatSpliterator.forEachRemaining(Streams.java:735) ~[na:na]
	at java.base/java.util.stream.Streams$ConcatSpliterator.forEachRemaining(Streams.java:734) ~[na:na]
	at java.base/java.util.stream.ReferencePipeline$Head.forEach(ReferencePipeline.java:762) ~[na:na]
	at org.junit.jupiter.engine.descriptor.ClassBasedTestDescriptor.invokeTestInstancePostProcessors(ClassBasedTestDescriptor.java:340) ~[junit-jupiter-engine-5.6.2.jar:5.6.2]
	at org.junit.jupiter.engine.descriptor.ClassBasedTestDescriptor.instantiateAndPostProcessTestInstance(ClassBasedTestDescriptor.java:263) ~[junit-jupiter-engine-5.6.2.jar:5.6.2]
	at org.junit.jupiter.engine.descriptor.ClassBasedTestDescriptor.lambda$testInstancesProvider$2(ClassBasedTestDescriptor.java:256) ~[junit-jupiter-engine-5.6.2.jar:5.6.2]
	at java.base/java.util.Optional.orElseGet(Optional.java:364) ~[na:na]
	at org.junit.jupiter.engine.descriptor.ClassBasedTestDescriptor.lambda$testInstancesProvider$3(ClassBasedTestDescriptor.java:255) ~[junit-jupiter-engine-5.6.2.jar:5.6.2]
	at org.junit.jupiter.engine.execution.TestInstancesProvider.getTestInstances(TestInstancesProvider.java:29) ~[junit-jupiter-engine-5.6.2.jar:5.6.2]
	at org.junit.jupiter.engine.descriptor.TestMethodTestDescriptor.lambda$prepare$0(TestMethodTestDescriptor.java:108) ~[junit-jupiter-engine-5.6.2.jar:5.6.2]
	at org.junit.platform.engine.support.hierarchical.ThrowableCollector.execute(ThrowableCollector.java:73) ~[junit-platform-engine-1.6.2.jar:1.6.2]
	at org.junit.jupiter.engine.descriptor.TestMethodTestDescriptor.prepare(TestMethodTestDescriptor.java:107) ~[junit-jupiter-engine-5.6.2.jar:5.6.2]
	at org.junit.jupiter.engine.descriptor.TestMethodTestDescriptor.prepare(TestMethodTestDescriptor.java:71) ~[junit-jupiter-engine-5.6.2.jar:5.6.2]
	at org.junit.platform.engine.support.hierarchical.NodeTestTask.lambda$prepare$1(NodeTestTask.java:107) ~[junit-platform-engine-1.6.2.jar:1.6.2]
	at org.junit.platform.engine.support.hierarchical.ThrowableCollector.execute(ThrowableCollector.java:73) ~[junit-platform-engine-1.6.2.jar:1.6.2]
	at org.junit.platform.engine.support.hierarchical.NodeTestTask.prepare(NodeTestTask.java:107) ~[junit-platform-engine-1.6.2.jar:1.6.2]
	at org.junit.platform.engine.support.hierarchical.NodeTestTask.execute(NodeTestTask.java:75) ~[junit-platform-engine-1.6.2.jar:1.6.2]
	at java.base/java.util.ArrayList.forEach(ArrayList.java:1511) ~[na:na]
	at org.junit.platform.engine.support.hierarchical.SameThreadHierarchicalTestExecutorService.invokeAll(SameThreadHierarchicalTestExecutorService.java:38) ~[junit-platform-engine-1.6.2.jar:1.6.2]
	at org.junit.platform.engine.support.hierarchical.NodeTestTask.lambda$executeRecursively$5(NodeTestTask.java:139) ~[junit-platform-engine-1.6.2.jar:1.6.2]
	at org.junit.platform.engine.support.hierarchical.ThrowableCollector.execute(ThrowableCollector.java:73) ~[junit-platform-engine-1.6.2.jar:1.6.2]
	at org.junit.platform.engine.support.hierarchical.NodeTestTask.lambda$executeRecursively$7(NodeTestTask.java:125) ~[junit-platform-engine-1.6.2.jar:1.6.2]
	at org.junit.platform.engine.support.hierarchical.Node.around(Node.java:135) ~[junit-platform-engine-1.6.2.jar:1.6.2]
	at org.junit.platform.engine.support.hierarchical.NodeTestTask.lambda$executeRecursively$8(NodeTestTask.java:123) ~[junit-platform-engine-1.6.2.jar:1.6.2]
	at org.junit.platform.engine.support.hierarchical.ThrowableCollector.execute(ThrowableCollector.java:73) ~[junit-platform-engine-1.6.2.jar:1.6.2]
	at org.junit.platform.engine.support.hierarchical.NodeTestTask.executeRecursively(NodeTestTask.java:122) ~[junit-platform-engine-1.6.2.jar:1.6.2]
	at org.junit.platform.engine.support.hierarchical.NodeTestTask.execute(NodeTestTask.java:80) ~[junit-platform-engine-1.6.2.jar:1.6.2]
	at java.base/java.util.ArrayList.forEach(ArrayList.java:1511) ~[na:na]
	at org.junit.platform.engine.support.hierarchical.SameThreadHierarchicalTestExecutorService.invokeAll(SameThreadHierarchicalTestExecutorService.java:38) ~[junit-platform-engine-1.6.2.jar:1.6.2]
	at org.junit.platform.engine.support.hierarchical.NodeTestTask.lambda$executeRecursively$5(NodeTestTask.java:139) ~[junit-platform-engine-1.6.2.jar:1.6.2]
	at org.junit.platform.engine.support.hierarchical.ThrowableCollector.execute(ThrowableCollector.java:73) ~[junit-platform-engine-1.6.2.jar:1.6.2]
	at org.junit.platform.engine.support.hierarchical.NodeTestTask.lambda$executeRecursively$7(NodeTestTask.java:125) ~[junit-platform-engine-1.6.2.jar:1.6.2]
	at org.junit.platform.engine.support.hierarchical.Node.around(Node.java:135) ~[junit-platform-engine-1.6.2.jar:1.6.2]
	at org.junit.platform.engine.support.hierarchical.NodeTestTask.lambda$executeRecursively$8(NodeTestTask.java:123) ~[junit-platform-engine-1.6.2.jar:1.6.2]
	at org.junit.platform.engine.support.hierarchical.ThrowableCollector.execute(ThrowableCollector.java:73) ~[junit-platform-engine-1.6.2.jar:1.6.2]
	at org.junit.platform.engine.support.hierarchical.NodeTestTask.executeRecursively(NodeTestTask.java:122) ~[junit-platform-engine-1.6.2.jar:1.6.2]
	at org.junit.platform.engine.support.hierarchical.NodeTestTask.execute(NodeTestTask.java:80) ~[junit-platform-engine-1.6.2.jar:1.6.2]
	at org.junit.platform.engine.support.hierarchical.SameThreadHierarchicalTestExecutorService.submit(SameThreadHierarchicalTestExecutorService.java:32) ~[junit-platform-engine-1.6.2.jar:1.6.2]
	at org.junit.platform.engine.support.hierarchical.HierarchicalTestExecutor.execute(HierarchicalTestExecutor.java:57) ~[junit-platform-engine-1.6.2.jar:1.6.2]
	at org.junit.platform.engine.support.hierarchical.HierarchicalTestEngine.execute(HierarchicalTestEngine.java:51) ~[junit-platform-engine-1.6.2.jar:1.6.2]
	at org.junit.platform.launcher.core.DefaultLauncher.execute(DefaultLauncher.java:220) ~[junit-platform-launcher-1.3.1.jar:1.3.1]
	at org.junit.platform.launcher.core.DefaultLauncher.lambda$execute$6(DefaultLauncher.java:188) ~[junit-platform-launcher-1.3.1.jar:1.3.1]
	at org.junit.platform.launcher.core.DefaultLauncher.withInterceptedStreams(DefaultLauncher.java:202) ~[junit-platform-launcher-1.3.1.jar:1.3.1]
	at org.junit.platform.launcher.core.DefaultLauncher.execute(DefaultLauncher.java:181) ~[junit-platform-launcher-1.3.1.jar:1.3.1]
	at org.junit.platform.launcher.core.DefaultLauncher.execute(DefaultLauncher.java:128) ~[junit-platform-launcher-1.3.1.jar:1.3.1]
	at org.apache.maven.surefire.junitplatform.JUnitPlatformProvider.invokeAllTests(JUnitPlatformProvider.java:150) ~[surefire-junit-platform-2.22.2.jar:2.22.2]
	at org.apache.maven.surefire.junitplatform.JUnitPlatformProvider.invoke(JUnitPlatformProvider.java:124) ~[surefire-junit-platform-2.22.2.jar:2.22.2]
	at org.apache.maven.surefire.booter.ForkedBooter.invokeProviderInSameClassLoader(ForkedBooter.java:384) ~[surefire-booter-2.22.2.jar:2.22.2]
	at org.apache.maven.surefire.booter.ForkedBooter.runSuitesInProcess(ForkedBooter.java:345) ~[surefire-booter-2.22.2.jar:2.22.2]
	at org.apache.maven.surefire.booter.ForkedBooter.execute(ForkedBooter.java:126) ~[surefire-booter-2.22.2.jar:2.22.2]
	at org.apache.maven.surefire.booter.ForkedBooter.main(ForkedBooter.java:418) ~[surefire-booter-2.22.2.jar:2.22.2]
Caused by: org.springframework.context.ApplicationContextException: Failed to start bean 'container'; nested exception is org.springframework.amqp.AmqpIllegalStateException: Fatal exception on listener startup
	at org.springframework.context.support.DefaultLifecycleProcessor.doStart(DefaultLifecycleProcessor.java:185) ~[spring-context-5.2.8.RELEASE.jar:5.2.8.RELEASE]
	at org.springframework.context.support.DefaultLifecycleProcessor.access$200(DefaultLifecycleProcessor.java:53) ~[spring-context-5.2.8.RELEASE.jar:5.2.8.RELEASE]
	at org.springframework.context.support.DefaultLifecycleProcessor$LifecycleGroup.start(DefaultLifecycleProcessor.java:360) ~[spring-context-5.2.8.RELEASE.jar:5.2.8.RELEASE]
	at org.springframework.context.support.DefaultLifecycleProcessor.startBeans(DefaultLifecycleProcessor.java:158) ~[spring-context-5.2.8.RELEASE.jar:5.2.8.RELEASE]
	at org.springframework.context.support.DefaultLifecycleProcessor.onRefresh(DefaultLifecycleProcessor.java:122) ~[spring-context-5.2.8.RELEASE.jar:5.2.8.RELEASE]
	at org.springframework.context.support.AbstractApplicationContext.finishRefresh(AbstractApplicationContext.java:895) ~[spring-context-5.2.8.RELEASE.jar:5.2.8.RELEASE]
	at org.springframework.context.support.AbstractApplicationContext.refresh(AbstractApplicationContext.java:554) ~[spring-context-5.2.8.RELEASE.jar:5.2.8.RELEASE]
	at org.springframework.boot.SpringApplication.refresh(SpringApplication.java:758) ~[spring-boot-2.3.2.RELEASE.jar:2.3.2.RELEASE]
	at org.springframework.boot.SpringApplication.refresh(SpringApplication.java:750) ~[spring-boot-2.3.2.RELEASE.jar:2.3.2.RELEASE]
	at org.springframework.boot.SpringApplication.refreshContext(SpringApplication.java:397) ~[spring-boot-2.3.2.RELEASE.jar:2.3.2.RELEASE]
	at org.springframework.boot.SpringApplication.run(SpringApplication.java:315) ~[spring-boot-2.3.2.RELEASE.jar:2.3.2.RELEASE]
	at org.springframework.boot.test.context.SpringBootContextLoader.loadContext(SpringBootContextLoader.java:120) ~[spring-boot-test-2.3.2.RELEASE.jar:2.3.2.RELEASE]
	at org.springframework.test.context.cache.DefaultCacheAwareContextLoaderDelegate.loadContextInternal(DefaultCacheAwareContextLoaderDelegate.java:99) ~[spring-test-5.2.8.RELEASE.jar:5.2.8.RELEASE]
	at org.springframework.test.context.cache.DefaultCacheAwareContextLoaderDelegate.loadContext(DefaultCacheAwareContextLoaderDelegate.java:124) ~[spring-test-5.2.8.RELEASE.jar:5.2.8.RELEASE]
	... 66 common frames omitted
Caused by: org.springframework.amqp.AmqpIllegalStateException: Fatal exception on listener startup
	at org.springframework.amqp.rabbit.listener.SimpleMessageListenerContainer.waitForConsumersToStart(SimpleMessageListenerContainer.java:614) ~[spring-rabbit-2.2.9.RELEASE.jar:2.2.9.RELEASE]
	at org.springframework.amqp.rabbit.listener.SimpleMessageListenerContainer.doStart(SimpleMessageListenerContainer.java:575) ~[spring-rabbit-2.2.9.RELEASE.jar:2.2.9.RELEASE]
	at org.springframework.amqp.rabbit.listener.AbstractMessageListenerContainer.start(AbstractMessageListenerContainer.java:1313) ~[spring-rabbit-2.2.9.RELEASE.jar:2.2.9.RELEASE]
	at org.springframework.context.support.DefaultLifecycleProcessor.doStart(DefaultLifecycleProcessor.java:182) ~[spring-context-5.2.8.RELEASE.jar:5.2.8.RELEASE]
	... 79 common frames omitted
Caused by: org.springframework.amqp.rabbit.listener.QueuesNotAvailableException: Cannot prepare queue for listener. Either the queue doesn't exist or the broker will not allow us to use it.
	at org.springframework.amqp.rabbit.listener.BlockingQueueConsumer.handleDeclarationException(BlockingQueueConsumer.java:651) ~[spring-rabbit-2.2.9.RELEASE.jar:2.2.9.RELEASE]
	at org.springframework.amqp.rabbit.listener.BlockingQueueConsumer.passiveDeclarations(BlockingQueueConsumer.java:591) ~[spring-rabbit-2.2.9.RELEASE.jar:2.2.9.RELEASE]
	at org.springframework.amqp.rabbit.listener.BlockingQueueConsumer.start(BlockingQueueConsumer.java:571) ~[spring-rabbit-2.2.9.RELEASE.jar:2.2.9.RELEASE]
	at org.springframework.amqp.rabbit.listener.SimpleMessageListenerContainer$AsyncMessageProcessingConsumer.initialize(SimpleMessageListenerContainer.java:1350) ~[spring-rabbit-2.2.9.RELEASE.jar:2.2.9.RELEASE]
	at org.springframework.amqp.rabbit.listener.SimpleMessageListenerContainer$AsyncMessageProcessingConsumer.run(SimpleMessageListenerContainer.java:1195) ~[spring-rabbit-2.2.9.RELEASE.jar:2.2.9.RELEASE]
	at java.base/java.lang.Thread.run(Thread.java:833) ~[na:na]
Caused by: org.springframework.amqp.rabbit.listener.BlockingQueueConsumer$DeclarationException: Failed to declare queue(s):[spring-boot1682273392349]
	at org.springframework.amqp.rabbit.listener.BlockingQueueConsumer.attemptPassiveDeclarations(BlockingQueueConsumer.java:700) ~[spring-rabbit-2.2.9.RELEASE.jar:2.2.9.RELEASE]
	at org.springframework.amqp.rabbit.listener.BlockingQueueConsumer.passiveDeclarations(BlockingQueueConsumer.java:584) ~[spring-rabbit-2.2.9.RELEASE.jar:2.2.9.RELEASE]
	... 4 common frames omitted
Caused by: java.io.IOException: null
	at com.rabbitmq.client.impl.AMQChannel.wrap(AMQChannel.java:129) ~[amqp-client-5.9.0.jar:5.9.0]
	at com.rabbitmq.client.impl.AMQChannel.wrap(AMQChannel.java:125) ~[amqp-client-5.9.0.jar:5.9.0]
	at com.rabbitmq.client.impl.AMQChannel.exnWrappingRpc(AMQChannel.java:147) ~[amqp-client-5.9.0.jar:5.9.0]
	at com.rabbitmq.client.impl.ChannelN.queueDeclarePassive(ChannelN.java:1012) ~[amqp-client-5.9.0.jar:5.9.0]
	at com.rabbitmq.client.impl.ChannelN.queueDeclarePassive(ChannelN.java:46) ~[amqp-client-5.9.0.jar:5.9.0]
	at java.base/jdk.internal.reflect.NativeMethodAccessorImpl.invoke0(Native Method) ~[na:na]
	at java.base/jdk.internal.reflect.NativeMethodAccessorImpl.invoke(NativeMethodAccessorImpl.java:77) ~[na:na]
	at java.base/jdk.internal.reflect.DelegatingMethodAccessorImpl.invoke(DelegatingMethodAccessorImpl.java:43) ~[na:na]
	at java.base/java.lang.reflect.Method.invoke(Method.java:568) ~[na:na]
	at org.springframework.amqp.rabbit.connection.CachingConnectionFactory$CachedChannelInvocationHandler.invoke(CachingConnectionFactory.java:1184) ~[spring-rabbit-2.2.9.RELEASE.jar:2.2.9.RELEASE]
	at jdk.proxy2/jdk.proxy2.$Proxy70.queueDeclarePassive(Unknown Source) ~[na:na]
	at org.springframework.amqp.rabbit.listener.BlockingQueueConsumer.attemptPassiveDeclarations(BlockingQueueConsumer.java:679) ~[spring-rabbit-2.2.9.RELEASE.jar:2.2.9.RELEASE]
	... 5 common frames omitted
Caused by: com.rabbitmq.client.ShutdownSignalException: channel error; protocol method: #method<channel.close>(reply-code=404, reply-text=NOT_FOUND - no queue 'spring-boot1682273392349' in vhost '/', class-id=50, method-id=10)
	at com.rabbitmq.utility.ValueOrException.getValue(ValueOrException.java:66) ~[amqp-client-5.9.0.jar:5.9.0]
	at com.rabbitmq.utility.BlockingValueOrException.uninterruptibleGetValue(BlockingValueOrException.java:36) ~[amqp-client-5.9.0.jar:5.9.0]
	at com.rabbitmq.client.impl.AMQChannel$BlockingRpcContinuation.getReply(AMQChannel.java:502) ~[amqp-client-5.9.0.jar:5.9.0]
	at com.rabbitmq.client.impl.AMQChannel.privateRpc(AMQChannel.java:293) ~[amqp-client-5.9.0.jar:5.9.0]
	at com.rabbitmq.client.impl.AMQChannel.exnWrappingRpc(AMQChannel.java:141) ~[amqp-client-5.9.0.jar:5.9.0]
	... 14 common frames omitted
Caused by: com.rabbitmq.client.ShutdownSignalException: channel error; protocol method: #method<channel.close>(reply-code=404, reply-text=NOT_FOUND - no queue 'spring-boot1682273392349' in vhost '/', class-id=50, method-id=10)
	at com.rabbitmq.client.impl.ChannelN.asyncShutdown(ChannelN.java:517) ~[amqp-client-5.9.0.jar:5.9.0]
	at com.rabbitmq.client.impl.ChannelN.processAsync(ChannelN.java:341) ~[amqp-client-5.9.0.jar:5.9.0]
	at com.rabbitmq.client.impl.AMQChannel.handleCompleteInboundCommand(AMQChannel.java:182) ~[amqp-client-5.9.0.jar:5.9.0]
	at com.rabbitmq.client.impl.AMQChannel.handleFrame(AMQChannel.java:114) ~[amqp-client-5.9.0.jar:5.9.0]
	at com.rabbitmq.client.impl.AMQConnection.readFrame(AMQConnection.java:739) ~[amqp-client-5.9.0.jar:5.9.0]
	at com.rabbitmq.client.impl.AMQConnection.access$300(AMQConnection.java:47) ~[amqp-client-5.9.0.jar:5.9.0]
	at com.rabbitmq.client.impl.AMQConnection$MainLoop.run(AMQConnection.java:666) ~[amqp-client-5.9.0.jar:5.9.0]
	... 1 common frames omitted

]]></system-out>
  </testcase>
</testsuite>